<?xml version="1.0" encoding="UTF-8"?>
<testsuite xmlns:xsi="http://www.w3.org/2001/XMLSchema-instance" xsi:noNamespaceSchemaLocation="https://maven.apache.org/surefire/maven-surefire-plugin/xsd/surefire-test-report-3.0.xsd" version="3.0" name="com.emall.common.CommonApplicationTests" time="2.635" tests="1" errors="0" skipped="0" failures="0">
  <properties>
[...]
</properties>
  <testcase name="contextLoads" classname="com.emall.common.CommonApplicationTests" time="1.206">
    <system-out><![CDATA[08:31:13.468 [main] INFO org.springframework.test.context.support.AnnotationConfigContextLoaderUtils -- Could not detect default configuration classes for test class [com.emall.common.CommonApplicationTests]: CommonApplicationTests does not declare any static, non-private, non-final, nested classes annotated with @Configuration.
08:31:13.589 [main] INFO org.springframework.boot.test.context.SpringBootTestContextBootstrapper -- Found @SpringBootConfiguration com.emall.common.CommonApplication for test class com.emall.common.CommonApplicationTests

  .   ____          _            __ _ _
 /\\ / ___'_ __ _ _(_)_ __  __ _ \ \ \ \
( ( )\___ | '_ | '_| | '_ \/ _` | \ \ \ \
 \\/  ___)| |_)| | | | | || (_| |  ) ) ) )
  '  |____| .__|_| |_|_| |_\__, | / / / /
 =========|_|==============|___/=/_/_/_/

 :: Spring Boot ::                (v3.3.3)

2024-09-03T08:31:14.106+08:00  INFO 21340 --- [common] [           main] c.emall.common.CommonApplicationTests    : Starting CommonApplicationTests using Java 17.0.2 with PID 21340 (started by Nekozn in C:\Users\Nekozn\IdeaProjects\Emall\common)
2024-09-03T08:31:14.108+08:00  INFO 21340 --- [common] [           main] c.emall.common.CommonApplicationTests    : No active profile set, falling back to 1 default profile: "default"
2024-09-03T08:31:14.669+08:00  INFO 21340 --- [common] [           main] c.emall.common.CommonApplicationTests    : Started CommonApplicationTests in 0.878 seconds (process running for 1.984)
]]></system-out>
  </testcase>
</testsuite>